<?xml version="1.0" encoding="UTF-8"?>
<testng-results ignored="0" total="9" passed="9" failed="0" skipped="0">
  <reporter-output>
  </reporter-output>
  <suite started-at="2022-06-28T15:34:27 IST" name="SuiteOne" finished-at="2022-06-28T15:35:02 IST" duration-ms="34245">
    <groups>
      <group name="cucumber">
        <method signature="AbstractTestNGCucumberTests.runScenario(io.cucumber.testng.PickleWrapper,io.cucumber.testng.FeatureWrapper)[pri:0, instance:runner.MyRunner@3e6f3f28]" name="runScenario" class="io.cucumber.testng.AbstractTestNGCucumberTests"/>
      </group> <!-- cucumber -->
    </groups>
    <test started-at="2022-06-28T15:34:27 IST" name="RegisterTest" finished-at="2022-06-28T15:35:02 IST" duration-ms="34245">
      <class name="runner.MyRunner">
        <test-method is-config="true" signature="setUpClass(org.testng.ITestContext)[pri:0, instance:runner.MyRunner@3e6f3f28]" started-at="2022-06-28T15:34:27 IST" name="setUpClass" finished-at="2022-06-28T15:34:28 IST" duration-ms="219" status="PASS">
          <params>
            <param index="0">
              <value>
                <![CDATA[org.testng.TestRunner@671da0f9]]>
              </value>
            </param>
          </params>
          <reporter-output>
          </reporter-output>
        </test-method> <!-- setUpClass -->
        <test-method signature="runScenario(io.cucumber.testng.PickleWrapper,io.cucumber.testng.FeatureWrapper)[pri:0, instance:runner.MyRunner@3e6f3f28]" started-at="2022-06-28T15:34:28 IST" name="runScenario" description="Runs Cucumber Scenarios" data-provider="scenarios" finished-at="2022-06-28T15:34:32 IST" duration-ms="4720" status="PASS">
          <params>
            <param index="0">
              <value>
                <![CDATA["Login with valid credentials"]]>
              </value>
            </param>
            <param index="1">
              <value>
                <![CDATA["Application Login"]]>
              </value>
            </param>
          </params>
          <reporter-output>
          </reporter-output>
        </test-method> <!-- runScenario -->
        <test-method signature="runScenario(io.cucumber.testng.PickleWrapper,io.cucumber.testng.FeatureWrapper)[pri:0, instance:runner.MyRunner@3e6f3f28]" started-at="2022-06-28T15:34:32 IST" name="runScenario" description="Runs Cucumber Scenarios" data-provider="scenarios" finished-at="2022-06-28T15:34:36 IST" duration-ms="3587" status="PASS">
          <params>
            <param index="0">
              <value>
                <![CDATA["Login with valid username and invalid password"]]>
              </value>
            </param>
            <param index="1">
              <value>
                <![CDATA["Application Login"]]>
              </value>
            </param>
          </params>
          <reporter-output>
          </reporter-output>
        </test-method> <!-- runScenario -->
        <test-method signature="runScenario(io.cucumber.testng.PickleWrapper,io.cucumber.testng.FeatureWrapper)[pri:0, instance:runner.MyRunner@3e6f3f28]" started-at="2022-06-28T15:34:36 IST" name="runScenario" description="Runs Cucumber Scenarios" data-provider="scenarios" finished-at="2022-06-28T15:34:40 IST" duration-ms="3770" status="PASS">
          <params>
            <param index="0">
              <value>
                <![CDATA["Login with invalid username and valid password"]]>
              </value>
            </param>
            <param index="1">
              <value>
                <![CDATA["Application Login"]]>
              </value>
            </param>
          </params>
          <reporter-output>
          </reporter-output>
        </test-method> <!-- runScenario -->
        <test-method signature="runScenario(io.cucumber.testng.PickleWrapper,io.cucumber.testng.FeatureWrapper)[pri:0, instance:runner.MyRunner@3e6f3f28]" started-at="2022-06-28T15:34:40 IST" name="runScenario" description="Runs Cucumber Scenarios" data-provider="scenarios" finished-at="2022-06-28T15:34:44 IST" duration-ms="4115" status="PASS">
          <params>
            <param index="0">
              <value>
                <![CDATA["Register with mandatory fields"]]>
              </value>
            </param>
            <param index="1">
              <value>
                <![CDATA["Aplliaction Register"]]>
              </value>
            </param>
          </params>
          <reporter-output>
          </reporter-output>
        </test-method> <!-- runScenario -->
        <test-method signature="runScenario(io.cucumber.testng.PickleWrapper,io.cucumber.testng.FeatureWrapper)[pri:0, instance:runner.MyRunner@3e6f3f28]" started-at="2022-06-28T15:34:44 IST" name="runScenario" description="Runs Cucumber Scenarios" data-provider="scenarios" finished-at="2022-06-28T15:34:48 IST" duration-ms="4454" status="PASS">
          <params>
            <param index="0">
              <value>
                <![CDATA["Register with All Required Field"]]>
              </value>
            </param>
            <param index="1">
              <value>
                <![CDATA["Aplliaction Register"]]>
              </value>
            </param>
          </params>
          <reporter-output>
          </reporter-output>
        </test-method> <!-- runScenario -->
        <test-method signature="runScenario(io.cucumber.testng.PickleWrapper,io.cucumber.testng.FeatureWrapper)[pri:0, instance:runner.MyRunner@3e6f3f28]" started-at="2022-06-28T15:34:48 IST" name="runScenario" description="Runs Cucumber Scenarios" data-provider="scenarios" finished-at="2022-06-28T15:34:53 IST" duration-ms="4667" status="PASS">
          <params>
            <param index="0">
              <value>
                <![CDATA["Register with Alraedy Existing Field"]]>
              </value>
            </param>
            <param index="1">
              <value>
                <![CDATA["Aplliaction Register"]]>
              </value>
            </param>
          </params>
          <reporter-output>
          </reporter-output>
        </test-method> <!-- runScenario -->
        <test-method signature="runScenario(io.cucumber.testng.PickleWrapper,io.cucumber.testng.FeatureWrapper)[pri:0, instance:runner.MyRunner@3e6f3f28]" started-at="2022-06-28T15:34:53 IST" name="runScenario" description="Runs Cucumber Scenarios" data-provider="scenarios" finished-at="2022-06-28T15:34:56 IST" duration-ms="2899" status="PASS">
          <params>
            <param index="0">
              <value>
                <![CDATA["Search with existing product"]]>
              </value>
            </param>
            <param index="1">
              <value>
                <![CDATA["Apllication Search"]]>
              </value>
            </param>
          </params>
          <reporter-output>
          </reporter-output>
        </test-method> <!-- runScenario -->
        <test-method signature="runScenario(io.cucumber.testng.PickleWrapper,io.cucumber.testng.FeatureWrapper)[pri:0, instance:runner.MyRunner@3e6f3f28]" started-at="2022-06-28T15:34:56 IST" name="runScenario" description="Runs Cucumber Scenarios" data-provider="scenarios" finished-at="2022-06-28T15:34:59 IST" duration-ms="2972" status="PASS">
          <params>
            <param index="0">
              <value>
                <![CDATA["Search with non existing product"]]>
              </value>
            </param>
            <param index="1">
              <value>
                <![CDATA["Apllication Search"]]>
              </value>
            </param>
          </params>
          <reporter-output>
          </reporter-output>
        </test-method> <!-- runScenario -->
        <test-method signature="runScenario(io.cucumber.testng.PickleWrapper,io.cucumber.testng.FeatureWrapper)[pri:0, instance:runner.MyRunner@3e6f3f28]" started-at="2022-06-28T15:34:59 IST" name="runScenario" description="Runs Cucumber Scenarios" data-provider="scenarios" finished-at="2022-06-28T15:35:02 IST" duration-ms="2783" status="PASS">
          <params>
            <param index="0">
              <value>
                <![CDATA["Search with not entering product"]]>
              </value>
            </param>
            <param index="1">
              <value>
                <![CDATA["Apllication Search"]]>
              </value>
            </param>
          </params>
          <reporter-output>
          </reporter-output>
        </test-method> <!-- runScenario -->
        <test-method is-config="true" signature="tearDownClass()[pri:0, instance:runner.MyRunner@3e6f3f28]" started-at="2022-06-28T15:35:02 IST" name="tearDownClass" finished-at="2022-06-28T15:35:02 IST" duration-ms="18" status="PASS">
          <reporter-output>
          </reporter-output>
        </test-method> <!-- tearDownClass -->
      </class> <!-- runner.MyRunner -->
    </test> <!-- RegisterTest -->
  </suite> <!-- SuiteOne -->
</testng-results>
