<?xml version="1.0" encoding="UTF-8"?>
<testng-results ignored="0" total="9" passed="9" failed="0" skipped="0">
  <reporter-output>
  </reporter-output>
  <suite started-at="2022-06-28T14:03:15 IST" name="SuiteOne" finished-at="2022-06-28T14:03:41 IST" duration-ms="26626">
    <groups>
    </groups>
    <test started-at="2022-06-28T14:03:15 IST" name="RegisterTest" finished-at="2022-06-28T14:03:25 IST" duration-ms="10400">
      <class name="tests.RegisterTest">
        <test-method is-config="true" signature="setup()[pri:0, instance:tests.RegisterTest@1972e513]" started-at="2022-06-28T14:03:15 IST" name="setup" finished-at="2022-06-28T14:03:17 IST" duration-ms="2700" status="PASS">
          <reporter-output>
          </reporter-output>
        </test-method> <!-- setup -->
        <test-method signature="registerWithMandatoryFields()[pri:1, instance:tests.RegisterTest@1972e513]" started-at="2022-06-28T14:03:18 IST" name="registerWithMandatoryFields" finished-at="2022-06-28T14:03:19 IST" duration-ms="1123" status="PASS">
          <reporter-output>
          </reporter-output>
        </test-method> <!-- registerWithMandatoryFields -->
        <test-method is-config="true" signature="tearDown()[pri:0, instance:tests.RegisterTest@1972e513]" started-at="2022-06-28T14:03:19 IST" name="tearDown" finished-at="2022-06-28T14:03:19 IST" duration-ms="220" status="PASS">
          <reporter-output>
          </reporter-output>
        </test-method> <!-- tearDown -->
        <test-method is-config="true" signature="setup()[pri:0, instance:tests.RegisterTest@1972e513]" started-at="2022-06-28T14:03:19 IST" name="setup" finished-at="2022-06-28T14:03:21 IST" duration-ms="1889" status="PASS">
          <reporter-output>
          </reporter-output>
        </test-method> <!-- setup -->
        <test-method signature="registerWithAllFields()[pri:2, instance:tests.RegisterTest@1972e513]" started-at="2022-06-28T14:03:21 IST" name="registerWithAllFields" finished-at="2022-06-28T14:03:22 IST" duration-ms="1138" status="PASS">
          <reporter-output>
          </reporter-output>
        </test-method> <!-- registerWithAllFields -->
        <test-method is-config="true" signature="tearDown()[pri:0, instance:tests.RegisterTest@1972e513]" started-at="2022-06-28T14:03:22 IST" name="tearDown" finished-at="2022-06-28T14:03:22 IST" duration-ms="176" status="PASS">
          <reporter-output>
          </reporter-output>
        </test-method> <!-- tearDown -->
        <test-method is-config="true" signature="setup()[pri:0, instance:tests.RegisterTest@1972e513]" started-at="2022-06-28T14:03:22 IST" name="setup" finished-at="2022-06-28T14:03:24 IST" duration-ms="1840" status="PASS">
          <reporter-output>
          </reporter-output>
        </test-method> <!-- setup -->
        <test-method signature="registerWithAlreadyRegisteredEmailAddress()[pri:3, instance:tests.RegisterTest@1972e513]" started-at="2022-06-28T14:03:24 IST" name="registerWithAlreadyRegisteredEmailAddress" finished-at="2022-06-28T14:03:25 IST" duration-ms="1076" status="PASS">
          <reporter-output>
          </reporter-output>
        </test-method> <!-- registerWithAlreadyRegisteredEmailAddress -->
        <test-method is-config="true" signature="tearDown()[pri:0, instance:tests.RegisterTest@1972e513]" started-at="2022-06-28T14:03:25 IST" name="tearDown" finished-at="2022-06-28T14:03:25 IST" duration-ms="208" status="PASS">
          <reporter-output>
          </reporter-output>
        </test-method> <!-- tearDown -->
      </class> <!-- tests.RegisterTest -->
    </test> <!-- RegisterTest -->
    <test started-at="2022-06-28T14:03:25 IST" name="LoginTest" finished-at="2022-06-28T14:03:34 IST" duration-ms="8386">
      <class name="tests.LoginTest">
        <test-method is-config="true" signature="setup()[pri:0, instance:tests.LoginTest@5340477f]" started-at="2022-06-28T14:03:25 IST" name="setup" finished-at="2022-06-28T14:03:27 IST" duration-ms="1929" status="PASS">
          <reporter-output>
          </reporter-output>
        </test-method> <!-- setup -->
        <test-method signature="loginWithValidCredentials()[pri:1, instance:tests.LoginTest@5340477f]" started-at="2022-06-28T14:03:27 IST" name="loginWithValidCredentials" finished-at="2022-06-28T14:03:28 IST" duration-ms="670" status="PASS">
          <reporter-output>
          </reporter-output>
        </test-method> <!-- loginWithValidCredentials -->
        <test-method is-config="true" signature="tearDown()[pri:0, instance:tests.LoginTest@5340477f]" started-at="2022-06-28T14:03:28 IST" name="tearDown" finished-at="2022-06-28T14:03:28 IST" duration-ms="177" status="PASS">
          <reporter-output>
          </reporter-output>
        </test-method> <!-- tearDown -->
        <test-method is-config="true" signature="setup()[pri:0, instance:tests.LoginTest@5340477f]" started-at="2022-06-28T14:03:28 IST" name="setup" finished-at="2022-06-28T14:03:30 IST" duration-ms="2032" status="PASS">
          <reporter-output>
          </reporter-output>
        </test-method> <!-- setup -->
        <test-method signature="loginWithValidUsernameAndInvalidPassword()[pri:2, instance:tests.LoginTest@5340477f]" started-at="2022-06-28T14:03:30 IST" name="loginWithValidUsernameAndInvalidPassword" finished-at="2022-06-28T14:03:31 IST" duration-ms="637" status="PASS">
          <reporter-output>
          </reporter-output>
        </test-method> <!-- loginWithValidUsernameAndInvalidPassword -->
        <test-method is-config="true" signature="tearDown()[pri:0, instance:tests.LoginTest@5340477f]" started-at="2022-06-28T14:03:31 IST" name="tearDown" finished-at="2022-06-28T14:03:31 IST" duration-ms="185" status="PASS">
          <reporter-output>
          </reporter-output>
        </test-method> <!-- tearDown -->
        <test-method is-config="true" signature="setup()[pri:0, instance:tests.LoginTest@5340477f]" started-at="2022-06-28T14:03:31 IST" name="setup" finished-at="2022-06-28T14:03:33 IST" duration-ms="1866" status="PASS">
          <reporter-output>
          </reporter-output>
        </test-method> <!-- setup -->
        <test-method signature="loginWithInvalidUsernameAndValidPassword()[pri:3, instance:tests.LoginTest@5340477f]" started-at="2022-06-28T14:03:33 IST" name="loginWithInvalidUsernameAndValidPassword" finished-at="2022-06-28T14:03:34 IST" duration-ms="641" status="PASS">
          <reporter-output>
          </reporter-output>
        </test-method> <!-- loginWithInvalidUsernameAndValidPassword -->
        <test-method is-config="true" signature="tearDown()[pri:0, instance:tests.LoginTest@5340477f]" started-at="2022-06-28T14:03:34 IST" name="tearDown" finished-at="2022-06-28T14:03:34 IST" duration-ms="242" status="PASS">
          <reporter-output>
          </reporter-output>
        </test-method> <!-- tearDown -->
      </class> <!-- tests.LoginTest -->
    </test> <!-- LoginTest -->
    <test started-at="2022-06-28T14:03:34 IST" name="SearchTest" finished-at="2022-06-28T14:03:41 IST" duration-ms="7532">
      <class name="tests.SearchTest">
        <test-method is-config="true" signature="setup()[pri:0, instance:tests.SearchTest@5276d6ee]" started-at="2022-06-28T14:03:34 IST" name="setup" finished-at="2022-06-28T14:03:36 IST" duration-ms="1829" status="PASS">
          <reporter-output>
          </reporter-output>
        </test-method> <!-- setup -->
        <test-method signature="searchWithValidProduct()[pri:1, instance:tests.SearchTest@5276d6ee]" started-at="2022-06-28T14:03:36 IST" name="searchWithValidProduct" finished-at="2022-06-28T14:03:36 IST" duration-ms="311" status="PASS">
          <reporter-output>
          </reporter-output>
        </test-method> <!-- searchWithValidProduct -->
        <test-method is-config="true" signature="tearDown()[pri:0, instance:tests.SearchTest@5276d6ee]" started-at="2022-06-28T14:03:36 IST" name="tearDown" finished-at="2022-06-28T14:03:36 IST" duration-ms="190" status="PASS">
          <reporter-output>
          </reporter-output>
        </test-method> <!-- tearDown -->
        <test-method is-config="true" signature="setup()[pri:0, instance:tests.SearchTest@5276d6ee]" started-at="2022-06-28T14:03:36 IST" name="setup" finished-at="2022-06-28T14:03:38 IST" duration-ms="2013" status="PASS">
          <reporter-output>
          </reporter-output>
        </test-method> <!-- setup -->
        <test-method signature="searchWithInValidProduct()[pri:2, instance:tests.SearchTest@5276d6ee]" started-at="2022-06-28T14:03:38 IST" name="searchWithInValidProduct" finished-at="2022-06-28T14:03:39 IST" duration-ms="281" status="PASS">
          <reporter-output>
          </reporter-output>
        </test-method> <!-- searchWithInValidProduct -->
        <test-method is-config="true" signature="tearDown()[pri:0, instance:tests.SearchTest@5276d6ee]" started-at="2022-06-28T14:03:39 IST" name="tearDown" finished-at="2022-06-28T14:03:39 IST" duration-ms="226" status="PASS">
          <reporter-output>
          </reporter-output>
        </test-method> <!-- tearDown -->
        <test-method is-config="true" signature="setup()[pri:0, instance:tests.SearchTest@5276d6ee]" started-at="2022-06-28T14:03:39 IST" name="setup" finished-at="2022-06-28T14:03:41 IST" duration-ms="2180" status="PASS">
          <reporter-output>
          </reporter-output>
        </test-method> <!-- setup -->
        <test-method signature="searchWithoutAnyProduct()[pri:3, instance:tests.SearchTest@5276d6ee]" started-at="2022-06-28T14:03:41 IST" name="searchWithoutAnyProduct" finished-at="2022-06-28T14:03:41 IST" duration-ms="291" status="PASS">
          <reporter-output>
          </reporter-output>
        </test-method> <!-- searchWithoutAnyProduct -->
        <test-method is-config="true" signature="tearDown()[pri:0, instance:tests.SearchTest@5276d6ee]" started-at="2022-06-28T14:03:41 IST" name="tearDown" finished-at="2022-06-28T14:03:41 IST" duration-ms="201" status="PASS">
          <reporter-output>
          </reporter-output>
        </test-method> <!-- tearDown -->
      </class> <!-- tests.SearchTest -->
    </test> <!-- SearchTest -->
  </suite> <!-- SuiteOne -->
</testng-results>
