<?xml version="1.0" encoding="UTF-8"?>
<!-- Generated by org.testng.reporters.JUnitXMLReporter -->
<testsuite ignored="0" hostname="VINODHOSTING" failures="0" tests="3" name="LoginTest" time="8.386" errors="0" timestamp="2022-06-28T14:03:34 IST">
  <testcase classname="tests.LoginTest" name="loginWithValidCredentials" time="0.67"/>
  <testcase classname="tests.LoginTest" name="loginWithValidUsernameAndInvalidPassword" time="0.637"/>
  <testcase classname="tests.LoginTest" name="loginWithInvalidUsernameAndValidPassword" time="0.641"/>
</testsuite> <!-- LoginTest -->
