<?xml version="1.0" encoding="UTF-8"?>
<!-- Generated by org.testng.reporters.JUnitXMLReporter -->
<testsuite ignored="0" hostname="VINODHOSTING" failures="0" tests="3" name="RegisterTest" time="10.4" errors="0" timestamp="2022-06-28T14:03:25 IST">
  <testcase classname="tests.RegisterTest" name="registerWithMandatoryFields" time="1.123"/>
  <testcase classname="tests.RegisterTest" name="registerWithAllFields" time="1.138"/>
  <testcase classname="tests.RegisterTest" name="registerWithAlreadyRegisteredEmailAddress" time="1.076"/>
</testsuite> <!-- RegisterTest -->
