<?xml version="1.0" encoding="UTF-8"?>
<!-- Generated by org.testng.reporters.JUnitXMLReporter -->
<testsuite ignored="0" hostname="VINODHOSTING" failures="0" tests="3" name="SearchTest" time="7.532" errors="0" timestamp="2022-06-28T14:03:41 IST">
  <testcase classname="tests.SearchTest" name="searchWithValidProduct" time="0.311"/>
  <testcase classname="tests.SearchTest" name="searchWithInValidProduct" time="0.281"/>
  <testcase classname="tests.SearchTest" name="searchWithoutAnyProduct" time="0.291"/>
</testsuite> <!-- SearchTest -->
